2021-10-26 11:44:05-main--INFO -testcases.HomePage:IGT Solutions: BPM, IT and Digital Services & Solutions Provider
  2021-10-26 11:44:18-main--INFO -testcases.HomePage:image test started
  2021-10-26 11:44:18-main--INFO -testcases.HomePage:image test ended
  2021-10-26 11:44:28-main--INFO -testcases.HomePage:Homepage Details test started
  2021-10-26 11:44:31-main--INFO -testcases.HomePage:Homepage Details test ended
  2021-10-26 11:44:41-main--INFO -testcases.HomePage:Homepage Details test started for Quickconnect
  2021-10-26 11:44:43-main--INFO -testcases.HomePage:Homepage Details test ended for Quickconnect
  2021-10-26 13:03:44-main--INFO -testcases.HomePage:IGT Solutions: BPM, IT and Digital Services & Solutions Provider
  2021-10-26 13:03:56-main--INFO -testcases.HomePage:image test started
  2021-10-26 13:03:56-main--INFO -testcases.HomePage:image test ended
  2021-10-26 13:04:07-main--INFO -testcases.HomePage:Homepage Details test started
  2021-10-26 13:04:09-main--INFO -testcases.HomePage:Homepage Details test ended
  2021-10-26 13:04:20-main--INFO -testcases.HomePage:Homepage Details test started for Quickconnect
  2021-10-26 13:04:22-main--INFO -testcases.HomePage:Homepage Details test ended for Quickconnect
  2021-10-26 14:20:30-main--INFO -testcases.HomePage:IGT Solutions: BPM, IT and Digital Services & Solutions Provider
  2021-10-26 14:20:41-main--INFO -testcases.HomePage:image test started
  2021-10-26 14:20:41-main--INFO -testcases.HomePage:image test ended
  2021-10-26 14:20:52-main--INFO -testcases.HomePage:Homepage Details test started
  2021-10-26 14:21:00-main--INFO -testcases.HomePage:Homepage Details test ended
  2021-10-26 14:21:13-main--INFO -testcases.HomePage:Homepage Details test started for Quickconnect
  2021-10-26 14:21:16-main--INFO -testcases.HomePage:Homepage Details test ended for Quickconnect
  2021-10-26 14:43:02-main--INFO -testcases.HomePage:IGT Solutions: BPM, IT and Digital Services & Solutions Provider
  2021-10-26 14:43:13-main--INFO -testcases.HomePage:image test started
  2021-10-26 14:43:13-main--INFO -testcases.HomePage:image test ended
  2021-10-26 14:43:24-main--INFO -testcases.HomePage:Homepage Details test started
  2021-10-26 14:43:33-main--INFO -testcases.HomePage:Homepage Details test ended
  2021-10-26 14:43:45-main--INFO -testcases.HomePage:Homepage Details test started for Quickconnect
  2021-10-26 14:43:47-main--INFO -testcases.HomePage:Homepage Details test ended for Quickconnect
  2021-10-26 14:55:03-main--INFO -testcases.HomePage:IGT Solutions: BPM, IT and Digital Services & Solutions Provider
  2021-10-26 14:55:18-main--INFO -testcases.HomePage:image test started
  2021-10-26 14:55:18-main--INFO -testcases.HomePage:image test ended
  2021-10-26 14:55:29-main--INFO -testcases.HomePage:Homepage Details test started
  2021-10-26 14:55:33-main--INFO -testcases.HomePage:Homepage Details test ended
  2021-10-26 14:55:45-main--INFO -testcases.HomePage:Homepage Details test started for Quickconnect
  2021-10-26 14:55:49-main--INFO -testcases.HomePage:Homepage Details test ended for Quickconnect
  2021-10-26 14:59:14-main--INFO -testcases.HomePage:IGT Solutions: BPM, IT and Digital Services & Solutions Provider
  2021-10-26 14:59:30-main--INFO -testcases.HomePage:image test started
  2021-10-26 14:59:30-main--INFO -testcases.HomePage:image test ended
  2021-10-26 14:59:42-main--INFO -testcases.HomePage:Homepage Details test started
  2021-10-26 14:59:47-main--INFO -testcases.HomePage:Homepage Details test ended
  2021-10-26 14:59:58-main--INFO -testcases.HomePage:Homepage Details test started for Quickconnect
  2021-10-26 15:00:01-main--INFO -testcases.HomePage:Homepage Details test ended for Quickconnect
  2021-10-26 15:02:54-main--INFO -testcases.HomePage:Homepage Details test started
  2021-10-26 15:02:59-main--INFO -testcases.HomePage:Homepage Details test ended
  2021-10-26 15:07:49-main--INFO -testcases.HomePage:Homepage Details test started
  2021-10-26 15:07:53-main--INFO -testcases.HomePage:Homepage Details test ended
  2021-10-26 15:11:05-main--INFO -testcases.HomePage:IGT Solutions: BPM, IT and Digital Services & Solutions Provider
  2021-10-26 15:11:15-main--INFO -testcases.HomePage:image test started
  2021-10-26 15:11:15-main--INFO -testcases.HomePage:image test ended
  2021-10-26 15:11:26-main--INFO -testcases.HomePage:Homepage Details test started
  2021-10-26 15:11:30-main--INFO -testcases.HomePage:Homepage Details test ended
  2021-10-26 15:11:41-main--INFO -testcases.HomePage:Homepage Details test started for Quickconnect
  2021-10-26 15:11:45-main--INFO -testcases.HomePage:Homepage Details test ended for Quickconnect
  2021-10-26 15:16:48-main--INFO -testcases.HomePage:Homepage Details test started
  2021-10-26 15:16:52-main--INFO -testcases.HomePage:Homepage Details test ended
  2021-10-26 15:17:03-main--INFO -testcases.HomePage:Homepage Details test started for Quickconnect
  2021-10-26 15:17:06-main--INFO -testcases.HomePage:Homepage Details test ended for Quickconnect
  2021-10-26 15:57:21-main--INFO -testcases.HomePage:Homepage Details test started
  2021-10-26 15:57:34-main--INFO -testcases.HomePage:Homepage Details test ended
  2021-10-26 15:57:45-main--INFO -testcases.HomePage:Homepage Details test started for Quickconnect
  2021-10-26 15:57:47-main--INFO -testcases.HomePage:Homepage Details test ended for Quickconnect
  2021-10-26 23:21:11-main--INFO -testcases.HomePage:Homepage Details test started
  2021-10-26 23:21:19-main--INFO -testcases.HomePage:Homepage Details test ended
  2021-10-26 23:22:12-main--INFO -testcases.HomePage:IGT Solutions: BPM, IT and Digital Services & Solutions Provider
  2021-10-26 23:25:20-main--INFO -testcases.HomePage:IGT Solutions: BPM, IT and Digital Services & Solutions Provider
  2021-10-26 23:25:31-main--INFO -testcases.HomePage:image test started
  2021-10-26 23:25:31-main--INFO -testcases.HomePage:image test ended
  2021-10-26 23:25:42-main--INFO -testcases.HomePage:Homepage Details test started
  2021-10-26 23:25:49-main--INFO -testcases.HomePage:Homepage Details test ended
  2021-10-26 23:26:00-main--INFO -testcases.HomePage:Homepage Details test started for Quickconnect
  2021-10-26 23:26:03-main--INFO -testcases.HomePage:Homepage Details test ended for Quickconnect
  2021-10-28 22:05:45-main--INFO -testcases.HomePage:IGT Solutions: BPM, IT and Digital Services & Solutions Provider
  2021-10-28 22:05:56-main--INFO -testcases.HomePage:image test started
  2021-10-28 22:05:56-main--INFO -testcases.HomePage:image test ended
  2021-10-28 22:06:06-main--INFO -testcases.HomePage:Homepage Details test started
  2021-10-28 22:06:09-main--INFO -testcases.HomePage:Homepage Details test ended
  2021-10-28 22:06:19-main--INFO -testcases.HomePage:Homepage Details test started for Quickconnect
  2021-10-28 22:06:22-main--INFO -testcases.HomePage:Homepage Details test ended for Quickconnect
  2021-10-28 22:10:18-main--INFO -testcases.HomePage:IGT Solutions: BPM, IT and Digital Services & Solutions Provider
  2021-10-28 22:11:35-main--INFO -testcases.HomePage:IGT Solutions: BPM, IT and Digital Services & Solutions Provider
  2021-10-29 10:46:41-main--INFO -testcases.HomePage:IGT Solutions: BPM, IT and Digital Services & Solutions Provider
  2021-10-29 10:51:39-main--INFO -testcases.HomePage:IGT Solutions: BPM, IT and Digital Services & Solutions Provider
  2021-10-29 11:36:37-main--INFO -testcases.HomePage:IGT Solutions: BPM, IT and Digital Services & Solutions Provider
  2021-10-29 11:39:07-main--INFO -testcases.HomePage:IGT Solutions: BPM, IT and Digital Services & Solutions Provider
  2021-10-29 11:43:34-main--INFO -testcases.HomePage:IGT Solutions: BPM, IT and Digital Services & Solutions Provider
  2021-10-29 13:45:01-main--INFO -testcases.HomePage:IGT Solutions: BPM, IT and Digital Services & Solutions Provider
  2021-10-29 13:48:54-main--INFO -testcases.HomePage:IGT Solutions: BPM, IT and Digital Services & Solutions Provider
  2021-11-01 22:11:26-main--INFO -testcases.HomePage:IGT Solutions: BPM, IT and Digital Services & Solutions Provider
  2021-11-01 22:11:38-main--INFO -testcases.HomePage:Homepage Details test started
  2021-11-01 22:11:44-main--INFO -testcases.HomePage:Homepage Details test ended
  2021-11-01 22:14:26-main--INFO -testcases.HomePage:IGT Solutions: BPM, IT and Digital Services & Solutions Provider
  2021-11-01 22:14:38-main--INFO -testcases.HomePage:Homepage Details test started
  2021-11-01 22:14:43-main--INFO -testcases.HomePage:Homepage Details test ended
  2021-11-05 09:06:52-main--INFO -testcases.HomePage:IGT Solutions: BPM, IT and Digital Services & Solutions Provider
  2021-11-07 16:15:29-main--INFO -testcases.HomePage:IGT Solutions: BPM, IT and Digital Services & Solutions Provider
  2021-11-09 13:19:33-main--INFO -testcases.HomePage:IGT Solutions: BPM, IT and Digital Services & Solutions Provider
  2021-11-09 16:13:50-main--INFO -testcases.HomePage:IGT Solutions: BPM, IT and Digital Services & Solutions Provider
  2021-11-12 16:40:20-main--INFO -testcases.HomePage:IGT Solutions: BPM, IT and Digital Services & Solutions Provider
  2021-11-17 08:37:46-main--DEBUG-freemarker.cache:Couldn't find template in cache for "Extent.ftl"("en_US", UTF-8, parsed); will try to load it.
  2021-11-17 08:37:46-main--DEBUG-freemarker.cache:TemplateLoader.findTemplateSource("Extent_en_US.ftl"): Not found
  2021-11-17 08:37:46-main--DEBUG-freemarker.cache:TemplateLoader.findTemplateSource("Extent_en.ftl"): Not found
  2021-11-17 08:37:46-main--DEBUG-freemarker.cache:TemplateLoader.findTemplateSource("Extent.ftl"): Found
  2021-11-17 08:37:46-main--DEBUG-freemarker.cache:Loading template for "Extent.ftl"("en_US", UTF-8, parsed) from "jar:file:/C:/Users/Dinesh.Kanna/.m2/repository/com/relevantcodes/extentreports/2.41.2/extentreports-2.41.2.jar!/com/relevantcodes/extentreports/view/Extent.ftl"
  2021-11-17 08:37:46-main--DEBUG-freemarker.cache:Couldn't find template in cache for "Extent.ftl"("en_US", UTF-8, parsed); will try to load it.
  2021-11-17 08:37:46-main--DEBUG-freemarker.cache:TemplateLoader.findTemplateSource("Extent_en_US.ftl"): Not found
  2021-11-17 08:37:46-main--DEBUG-freemarker.cache:TemplateLoader.findTemplateSource("Extent_en.ftl"): Not found
  2021-11-17 08:37:46-main--DEBUG-freemarker.cache:TemplateLoader.findTemplateSource("Extent.ftl"): Found
  2021-11-17 08:37:46-main--DEBUG-freemarker.cache:Loading template for "Extent.ftl"("en_US", UTF-8, parsed) from "jar:file:/C:/Users/Dinesh.Kanna/.m2/repository/com/relevantcodes/extentreports/2.41.2/extentreports-2.41.2.jar!/com/relevantcodes/extentreports/view/Extent.ftl"
  2021-11-17 08:39:36-main--DEBUG-freemarker.cache:Couldn't find template in cache for "Extent.ftl"("en_US", UTF-8, parsed); will try to load it.
  2021-11-17 08:39:36-main--DEBUG-freemarker.cache:TemplateLoader.findTemplateSource("Extent_en_US.ftl"): Not found
  2021-11-17 08:39:36-main--DEBUG-freemarker.cache:TemplateLoader.findTemplateSource("Extent_en.ftl"): Not found
  2021-11-17 08:39:36-main--DEBUG-freemarker.cache:TemplateLoader.findTemplateSource("Extent.ftl"): Found
  2021-11-17 08:39:36-main--DEBUG-freemarker.cache:Loading template for "Extent.ftl"("en_US", UTF-8, parsed) from "jar:file:/C:/Users/Dinesh.Kanna/.m2/repository/com/relevantcodes/extentreports/2.41.2/extentreports-2.41.2.jar!/com/relevantcodes/extentreports/view/Extent.ftl"
  2021-11-17 08:39:36-main--DEBUG-freemarker.cache:Couldn't find template in cache for "Extent.ftl"("en_US", UTF-8, parsed); will try to load it.
  2021-11-17 08:39:36-main--DEBUG-freemarker.cache:TemplateLoader.findTemplateSource("Extent_en_US.ftl"): Not found
  2021-11-17 08:39:36-main--DEBUG-freemarker.cache:TemplateLoader.findTemplateSource("Extent_en.ftl"): Not found
  2021-11-17 08:39:36-main--DEBUG-freemarker.cache:TemplateLoader.findTemplateSource("Extent.ftl"): Found
  2021-11-17 08:39:36-main--DEBUG-freemarker.cache:Loading template for "Extent.ftl"("en_US", UTF-8, parsed) from "jar:file:/C:/Users/Dinesh.Kanna/.m2/repository/com/relevantcodes/extentreports/2.41.2/extentreports-2.41.2.jar!/com/relevantcodes/extentreports/view/Extent.ftl"
  2021-11-19 15:19:05-main--INFO -testcases.HomePage:IGT Solutions: BPM, IT and Digital Services & Solutions Provider
  2021-11-19 15:23:07-main--INFO -testcases.HomePage:IGT Solutions: BPM, IT and Digital Services & Solutions Provider
  2021-11-19 15:25:10-main--INFO -testcases.HomePage:IGT Solutions: BPM, IT and Digital Services & Solutions Provider
  2021-11-19 16:20:16-main--INFO -testcases.HomePage:IGT Solutions: BPM, IT and Digital Services & Solutions Provider
  2021-11-19 16:20:38-main--INFO -testcases.HomePage:image test started
  2021-11-19 16:20:38-main--INFO -testcases.HomePage:image test ended
  2021-11-22 13:30:12-main--INFO -testcases.HomePage:IGT Solutions: BPM, IT and Digital Services & Solutions Provider
  2021-11-22 13:30:24-main--INFO -testcases.HomePage:image test started
  2021-11-22 13:30:24-main--INFO -testcases.HomePage:image test ended
  2021-11-22 13:30:35-main--INFO -testcases.HomePage:Homepage Details test started
  2021-11-22 13:30:38-main--INFO -testcases.HomePage:Homepage Details test ended
  2021-11-22 13:31:51-main--INFO -testcases.HomePage:IGT Solutions: BPM, IT and Digital Services & Solutions Provider
  2021-11-22 13:32:03-main--INFO -testcases.HomePage:image test started
  2021-11-22 13:32:03-main--INFO -testcases.HomePage:image test ended
  2021-11-22 13:32:15-main--INFO -testcases.HomePage:Homepage Details test started
  2021-11-22 13:32:20-main--INFO -testcases.HomePage:Homepage Details test ended
  2021-11-22 13:34:49-main--INFO -testcases.HomePage:IGT Solutions: BPM, IT and Digital Services & Solutions Provider
  2021-11-22 13:35:01-main--INFO -testcases.HomePage:image test started
  2021-11-22 13:35:01-main--INFO -testcases.HomePage:image test ended
  2021-11-22 13:35:13-main--INFO -testcases.HomePage:Homepage Details test started
  2021-11-22 13:35:17-main--INFO -testcases.HomePage:Homepage Details test ended
  